14-Oct-2019 22:26:07.073 信息 [main] org.apache.catalina.startup.VersionLoggerListener.log Server version:        Apache Tomcat/8.5.37
14-Oct-2019 22:26:07.080 信息 [main] org.apache.catalina.startup.VersionLoggerListener.log Server built:          Dec 12 2018 12:07:02 UTC
14-Oct-2019 22:26:07.082 信息 [main] org.apache.catalina.startup.VersionLoggerListener.log Server number:         8.5.37.0
14-Oct-2019 22:26:07.083 信息 [main] org.apache.catalina.startup.VersionLoggerListener.log OS Name:               Windows 10
14-Oct-2019 22:26:07.083 信息 [main] org.apache.catalina.startup.VersionLoggerListener.log OS Version:            10.0
14-Oct-2019 22:26:07.083 信息 [main] org.apache.catalina.startup.VersionLoggerListener.log Architecture:          amd64
14-Oct-2019 22:26:07.083 信息 [main] org.apache.catalina.startup.VersionLoggerListener.log Java Home:             C:\Program Files\Java\jdk-11.0.2
14-Oct-2019 22:26:07.083 信息 [main] org.apache.catalina.startup.VersionLoggerListener.log JVM Version:           11.0.2+9-LTS
14-Oct-2019 22:26:07.084 信息 [main] org.apache.catalina.startup.VersionLoggerListener.log JVM Vendor:            Oracle Corporation
14-Oct-2019 22:26:07.091 信息 [main] org.apache.catalina.startup.VersionLoggerListener.log CATALINA_BASE:         D:\apache-tomcat-8.5.37
14-Oct-2019 22:26:07.093 信息 [main] org.apache.catalina.startup.VersionLoggerListener.log CATALINA_HOME:         D:\apache-tomcat-8.5.37
14-Oct-2019 22:26:07.094 信息 [main] org.apache.catalina.startup.VersionLoggerListener.log Command line argument: --add-opens=java.base/java.lang=ALL-UNNAMED
14-Oct-2019 22:26:07.094 信息 [main] org.apache.catalina.startup.VersionLoggerListener.log Command line argument: --add-opens=java.base/java.io=ALL-UNNAMED
14-Oct-2019 22:26:07.094 信息 [main] org.apache.catalina.startup.VersionLoggerListener.log Command line argument: --add-opens=java.rmi/sun.rmi.transport=ALL-UNNAMED
14-Oct-2019 22:26:07.095 信息 [main] org.apache.catalina.startup.VersionLoggerListener.log Command line argument: -Djava.util.logging.config.file=D:\apache-tomcat-8.5.37\conf\logging.properties
14-Oct-2019 22:26:07.095 信息 [main] org.apache.catalina.startup.VersionLoggerListener.log Command line argument: -Djava.util.logging.manager=org.apache.juli.ClassLoaderLogManager
14-Oct-2019 22:26:07.096 信息 [main] org.apache.catalina.startup.VersionLoggerListener.log Command line argument: -Djdk.tls.ephemeralDHKeySize=2048
14-Oct-2019 22:26:07.097 信息 [main] org.apache.catalina.startup.VersionLoggerListener.log Command line argument: -Djava.protocol.handler.pkgs=org.apache.catalina.webresources
14-Oct-2019 22:26:07.097 信息 [main] org.apache.catalina.startup.VersionLoggerListener.log Command line argument: -Dignore.endorsed.dirs=
14-Oct-2019 22:26:07.099 信息 [main] org.apache.catalina.startup.VersionLoggerListener.log Command line argument: -Dcatalina.base=D:\apache-tomcat-8.5.37
14-Oct-2019 22:26:07.099 信息 [main] org.apache.catalina.startup.VersionLoggerListener.log Command line argument: -Dcatalina.home=D:\apache-tomcat-8.5.37
14-Oct-2019 22:26:07.100 信息 [main] org.apache.catalina.startup.VersionLoggerListener.log Command line argument: -Djava.io.tmpdir=D:\apache-tomcat-8.5.37\temp
14-Oct-2019 22:26:07.101 信息 [main] org.apache.catalina.core.AprLifecycleListener.lifecycleEvent Loaded APR based Apache Tomcat Native library [1.2.19] using APR version [1.6.5].
14-Oct-2019 22:26:07.101 信息 [main] org.apache.catalina.core.AprLifecycleListener.lifecycleEvent APR capabilities: IPv6 [true], sendfile [true], accept filters [false], random [true].
14-Oct-2019 22:26:07.102 信息 [main] org.apache.catalina.core.AprLifecycleListener.lifecycleEvent APR/OpenSSL configuration: useAprConnector [false], useOpenSSL [true]
14-Oct-2019 22:26:07.209 信息 [main] org.apache.catalina.core.AprLifecycleListener.initializeSSL OpenSSL successfully initialized [OpenSSL 1.1.1a  20 Nov 2018]
14-Oct-2019 22:26:07.323 信息 [main] org.apache.coyote.AbstractProtocol.init Initializing ProtocolHandler ["http-nio-8080"]
14-Oct-2019 22:26:08.661 信息 [main] org.apache.tomcat.util.net.NioSelectorPool.getSharedSelector Using a shared selector for servlet write/read
14-Oct-2019 22:26:08.674 信息 [main] org.apache.coyote.AbstractProtocol.init Initializing ProtocolHandler ["ajp-nio-8009"]
14-Oct-2019 22:26:08.678 信息 [main] org.apache.tomcat.util.net.NioSelectorPool.getSharedSelector Using a shared selector for servlet write/read
14-Oct-2019 22:26:08.679 信息 [main] org.apache.catalina.startup.Catalina.load Initialization processed in 2130 ms
14-Oct-2019 22:26:08.737 信息 [main] org.apache.catalina.core.StandardService.startInternal Starting service [Catalina]
14-Oct-2019 22:26:08.737 信息 [main] org.apache.catalina.core.StandardEngine.startInternal Starting Servlet Engine: Apache Tomcat/8.5.37
14-Oct-2019 22:26:08.775 信息 [localhost-startStop-1] org.apache.catalina.startup.HostConfig.deployWAR Deploying web application archive [D:\apache-tomcat-8.5.37\webapps\mybatis-jpetstore-6.0.0.war]
14-Oct-2019 22:26:10.676 信息 [localhost-startStop-1] org.apache.jasper.servlet.TldScanner.scanJars At least one JAR was scanned for TLDs yet contained no TLDs. Enable debug logging for this logger for a complete list of JARs that were scanned but no TLDs were found in them. Skipping unneeded JARs during scanning can improve startup time and JSP compilation time.
14-Oct-2019 22:26:14.098 警告 [localhost-startStop-1] org.apache.catalina.util.SessionIdGeneratorBase.createSecureRandom Creation of SecureRandom instance for session ID generation using [SHA1PRNG] took [1,262] milliseconds.
14-Oct-2019 22:26:14.310 信息 [localhost-startStop-1] org.apache.catalina.startup.HostConfig.deployWAR Deployment of web application archive [D:\apache-tomcat-8.5.37\webapps\mybatis-jpetstore-6.0.0.war] has finished in [5,534] ms
14-Oct-2019 22:26:14.312 信息 [localhost-startStop-1] org.apache.catalina.startup.HostConfig.deployDirectory Deploying web application directory [D:\apache-tomcat-8.5.37\webapps\docs]
14-Oct-2019 22:26:14.645 信息 [localhost-startStop-1] org.apache.jasper.servlet.TldScanner.scanJars At least one JAR was scanned for TLDs yet contained no TLDs. Enable debug logging for this logger for a complete list of JARs that were scanned but no TLDs were found in them. Skipping unneeded JARs during scanning can improve startup time and JSP compilation time.
14-Oct-2019 22:26:14.649 信息 [localhost-startStop-1] org.apache.catalina.startup.HostConfig.deployDirectory Deployment of web application directory [D:\apache-tomcat-8.5.37\webapps\docs] has finished in [336] ms
14-Oct-2019 22:26:14.649 信息 [localhost-startStop-1] org.apache.catalina.startup.HostConfig.deployDirectory Deploying web application directory [D:\apache-tomcat-8.5.37\webapps\examples]
14-Oct-2019 22:26:15.229 信息 [localhost-startStop-1] org.apache.jasper.servlet.TldScanner.scanJars At least one JAR was scanned for TLDs yet contained no TLDs. Enable debug logging for this logger for a complete list of JARs that were scanned but no TLDs were found in them. Skipping unneeded JARs during scanning can improve startup time and JSP compilation time.
14-Oct-2019 22:26:15.280 信息 [localhost-startStop-1] org.apache.catalina.startup.HostConfig.deployDirectory Deployment of web application directory [D:\apache-tomcat-8.5.37\webapps\examples] has finished in [630] ms
14-Oct-2019 22:26:15.280 信息 [localhost-startStop-1] org.apache.catalina.startup.HostConfig.deployDirectory Deploying web application directory [D:\apache-tomcat-8.5.37\webapps\host-manager]
14-Oct-2019 22:26:15.643 信息 [localhost-startStop-1] org.apache.jasper.servlet.TldScanner.scanJars At least one JAR was scanned for TLDs yet contained no TLDs. Enable debug logging for this logger for a complete list of JARs that were scanned but no TLDs were found in them. Skipping unneeded JARs during scanning can improve startup time and JSP compilation time.
14-Oct-2019 22:26:15.652 信息 [localhost-startStop-1] org.apache.catalina.startup.HostConfig.deployDirectory Deployment of web application directory [D:\apache-tomcat-8.5.37\webapps\host-manager] has finished in [372] ms
14-Oct-2019 22:26:15.653 信息 [localhost-startStop-1] org.apache.catalina.startup.HostConfig.deployDirectory Deploying web application directory [D:\apache-tomcat-8.5.37\webapps\manager]
14-Oct-2019 22:26:16.016 信息 [localhost-startStop-1] org.apache.jasper.servlet.TldScanner.scanJars At least one JAR was scanned for TLDs yet contained no TLDs. Enable debug logging for this logger for a complete list of JARs that were scanned but no TLDs were found in them. Skipping unneeded JARs during scanning can improve startup time and JSP compilation time.
14-Oct-2019 22:26:16.021 信息 [localhost-startStop-1] org.apache.catalina.startup.HostConfig.deployDirectory Deployment of web application directory [D:\apache-tomcat-8.5.37\webapps\manager] has finished in [368] ms
14-Oct-2019 22:26:16.021 信息 [localhost-startStop-1] org.apache.catalina.startup.HostConfig.deployDirectory Deploying web application directory [D:\apache-tomcat-8.5.37\webapps\ROOT]
14-Oct-2019 22:26:16.314 信息 [localhost-startStop-1] org.apache.jasper.servlet.TldScanner.scanJars At least one JAR was scanned for TLDs yet contained no TLDs. Enable debug logging for this logger for a complete list of JARs that were scanned but no TLDs were found in them. Skipping unneeded JARs during scanning can improve startup time and JSP compilation time.
14-Oct-2019 22:26:16.320 信息 [localhost-startStop-1] org.apache.catalina.startup.HostConfig.deployDirectory Deployment of web application directory [D:\apache-tomcat-8.5.37\webapps\ROOT] has finished in [299] ms
14-Oct-2019 22:26:16.327 信息 [main] org.apache.coyote.AbstractProtocol.start Starting ProtocolHandler ["http-nio-8080"]
14-Oct-2019 22:26:16.346 信息 [main] org.apache.coyote.AbstractProtocol.start Starting ProtocolHandler ["ajp-nio-8009"]
14-Oct-2019 22:26:16.357 信息 [main] org.apache.catalina.startup.Catalina.start Server startup in 7677 ms
14-Oct-2019 22:27:23.797 信息 [main] org.apache.catalina.startup.VersionLoggerListener.log Server version:        Apache Tomcat/8.5.37
14-Oct-2019 22:27:23.801 信息 [main] org.apache.catalina.startup.VersionLoggerListener.log Server built:          Dec 12 2018 12:07:02 UTC
14-Oct-2019 22:27:23.802 信息 [main] org.apache.catalina.startup.VersionLoggerListener.log Server number:         8.5.37.0
14-Oct-2019 22:27:23.802 信息 [main] org.apache.catalina.startup.VersionLoggerListener.log OS Name:               Windows 10
14-Oct-2019 22:27:23.802 信息 [main] org.apache.catalina.startup.VersionLoggerListener.log OS Version:            10.0
14-Oct-2019 22:27:23.803 信息 [main] org.apache.catalina.startup.VersionLoggerListener.log Architecture:          amd64
14-Oct-2019 22:27:23.803 信息 [main] org.apache.catalina.startup.VersionLoggerListener.log Java Home:             C:\Program Files\Java\jdk-11.0.2
14-Oct-2019 22:27:23.803 信息 [main] org.apache.catalina.startup.VersionLoggerListener.log JVM Version:           11.0.2+9-LTS
14-Oct-2019 22:27:23.803 信息 [main] org.apache.catalina.startup.VersionLoggerListener.log JVM Vendor:            Oracle Corporation
14-Oct-2019 22:27:23.804 信息 [main] org.apache.catalina.startup.VersionLoggerListener.log CATALINA_BASE:         D:\apache-tomcat-8.5.37
14-Oct-2019 22:27:23.804 信息 [main] org.apache.catalina.startup.VersionLoggerListener.log CATALINA_HOME:         D:\apache-tomcat-8.5.37
14-Oct-2019 22:27:23.804 信息 [main] org.apache.catalina.startup.VersionLoggerListener.log Command line argument: --add-opens=java.base/java.lang=ALL-UNNAMED
14-Oct-2019 22:27:23.804 信息 [main] org.apache.catalina.startup.VersionLoggerListener.log Command line argument: --add-opens=java.base/java.io=ALL-UNNAMED
14-Oct-2019 22:27:23.805 信息 [main] org.apache.catalina.startup.VersionLoggerListener.log Command line argument: --add-opens=java.rmi/sun.rmi.transport=ALL-UNNAMED
14-Oct-2019 22:27:23.805 信息 [main] org.apache.catalina.startup.VersionLoggerListener.log Command line argument: -Djava.util.logging.config.file=D:\apache-tomcat-8.5.37\conf\logging.properties
14-Oct-2019 22:27:23.813 信息 [main] org.apache.catalina.startup.VersionLoggerListener.log Command line argument: -Djava.util.logging.manager=org.apache.juli.ClassLoaderLogManager
14-Oct-2019 22:27:23.815 信息 [main] org.apache.catalina.startup.VersionLoggerListener.log Command line argument: -Djdk.tls.ephemeralDHKeySize=2048
14-Oct-2019 22:27:23.817 信息 [main] org.apache.catalina.startup.VersionLoggerListener.log Command line argument: -Djava.protocol.handler.pkgs=org.apache.catalina.webresources
14-Oct-2019 22:27:23.818 信息 [main] org.apache.catalina.startup.VersionLoggerListener.log Command line argument: -Dignore.endorsed.dirs=
14-Oct-2019 22:27:23.818 信息 [main] org.apache.catalina.startup.VersionLoggerListener.log Command line argument: -Dcatalina.base=D:\apache-tomcat-8.5.37
14-Oct-2019 22:27:23.819 信息 [main] org.apache.catalina.startup.VersionLoggerListener.log Command line argument: -Dcatalina.home=D:\apache-tomcat-8.5.37
14-Oct-2019 22:27:23.819 信息 [main] org.apache.catalina.startup.VersionLoggerListener.log Command line argument: -Djava.io.tmpdir=D:\apache-tomcat-8.5.37\temp
14-Oct-2019 22:27:23.819 信息 [main] org.apache.catalina.core.AprLifecycleListener.lifecycleEvent Loaded APR based Apache Tomcat Native library [1.2.19] using APR version [1.6.5].
14-Oct-2019 22:27:23.820 信息 [main] org.apache.catalina.core.AprLifecycleListener.lifecycleEvent APR capabilities: IPv6 [true], sendfile [true], accept filters [false], random [true].
14-Oct-2019 22:27:23.820 信息 [main] org.apache.catalina.core.AprLifecycleListener.lifecycleEvent APR/OpenSSL configuration: useAprConnector [false], useOpenSSL [true]
14-Oct-2019 22:27:23.829 信息 [main] org.apache.catalina.core.AprLifecycleListener.initializeSSL OpenSSL successfully initialized [OpenSSL 1.1.1a  20 Nov 2018]
14-Oct-2019 22:27:23.885 信息 [main] org.apache.coyote.AbstractProtocol.init Initializing ProtocolHandler ["http-nio-8080"]
14-Oct-2019 22:27:25.247 信息 [main] org.apache.tomcat.util.net.NioSelectorPool.getSharedSelector Using a shared selector for servlet write/read
14-Oct-2019 22:27:25.256 信息 [main] org.apache.coyote.AbstractProtocol.init Initializing ProtocolHandler ["ajp-nio-8009"]
14-Oct-2019 22:27:25.263 信息 [main] org.apache.tomcat.util.net.NioSelectorPool.getSharedSelector Using a shared selector for servlet write/read
14-Oct-2019 22:27:25.264 信息 [main] org.apache.catalina.startup.Catalina.load Initialization processed in 1847 ms
14-Oct-2019 22:27:25.318 信息 [main] org.apache.catalina.core.StandardService.startInternal Starting service [Catalina]
14-Oct-2019 22:27:25.318 信息 [main] org.apache.catalina.core.StandardEngine.startInternal Starting Servlet Engine: Apache Tomcat/8.5.37
14-Oct-2019 22:27:25.354 信息 [localhost-startStop-1] org.apache.catalina.startup.HostConfig.deployWAR Deploying web application archive [D:\apache-tomcat-8.5.37\webapps\mybatis-jpetstore-6.0.0.war]
14-Oct-2019 22:27:27.056 信息 [localhost-startStop-1] org.apache.jasper.servlet.TldScanner.scanJars At least one JAR was scanned for TLDs yet contained no TLDs. Enable debug logging for this logger for a complete list of JARs that were scanned but no TLDs were found in them. Skipping unneeded JARs during scanning can improve startup time and JSP compilation time.
14-Oct-2019 22:27:30.756 警告 [localhost-startStop-1] org.apache.catalina.util.SessionIdGeneratorBase.createSecureRandom Creation of SecureRandom instance for session ID generation using [SHA1PRNG] took [1,323] milliseconds.
14-Oct-2019 22:27:30.968 信息 [localhost-startStop-1] org.apache.catalina.startup.HostConfig.deployWAR Deployment of web application archive [D:\apache-tomcat-8.5.37\webapps\mybatis-jpetstore-6.0.0.war] has finished in [5,615] ms
14-Oct-2019 22:27:30.972 信息 [localhost-startStop-1] org.apache.catalina.startup.HostConfig.deployDirectory Deploying web application directory [D:\apache-tomcat-8.5.37\webapps\docs]
14-Oct-2019 22:27:31.260 信息 [localhost-startStop-1] org.apache.jasper.servlet.TldScanner.scanJars At least one JAR was scanned for TLDs yet contained no TLDs. Enable debug logging for this logger for a complete list of JARs that were scanned but no TLDs were found in them. Skipping unneeded JARs during scanning can improve startup time and JSP compilation time.
14-Oct-2019 22:27:31.264 信息 [localhost-startStop-1] org.apache.catalina.startup.HostConfig.deployDirectory Deployment of web application directory [D:\apache-tomcat-8.5.37\webapps\docs] has finished in [293] ms
14-Oct-2019 22:27:31.265 信息 [localhost-startStop-1] org.apache.catalina.startup.HostConfig.deployDirectory Deploying web application directory [D:\apache-tomcat-8.5.37\webapps\examples]
14-Oct-2019 22:27:31.738 信息 [localhost-startStop-1] org.apache.jasper.servlet.TldScanner.scanJars At least one JAR was scanned for TLDs yet contained no TLDs. Enable debug logging for this logger for a complete list of JARs that were scanned but no TLDs were found in them. Skipping unneeded JARs during scanning can improve startup time and JSP compilation time.
14-Oct-2019 22:27:31.792 信息 [localhost-startStop-1] org.apache.catalina.startup.HostConfig.deployDirectory Deployment of web application directory [D:\apache-tomcat-8.5.37\webapps\examples] has finished in [527] ms
14-Oct-2019 22:27:31.793 信息 [localhost-startStop-1] org.apache.catalina.startup.HostConfig.deployDirectory Deploying web application directory [D:\apache-tomcat-8.5.37\webapps\host-manager]
14-Oct-2019 22:27:32.120 信息 [localhost-startStop-1] org.apache.jasper.servlet.TldScanner.scanJars At least one JAR was scanned for TLDs yet contained no TLDs. Enable debug logging for this logger for a complete list of JARs that were scanned but no TLDs were found in them. Skipping unneeded JARs during scanning can improve startup time and JSP compilation time.
14-Oct-2019 22:27:32.128 信息 [localhost-startStop-1] org.apache.catalina.startup.HostConfig.deployDirectory Deployment of web application directory [D:\apache-tomcat-8.5.37\webapps\host-manager] has finished in [336] ms
14-Oct-2019 22:27:32.128 信息 [localhost-startStop-1] org.apache.catalina.startup.HostConfig.deployDirectory Deploying web application directory [D:\apache-tomcat-8.5.37\webapps\manager]
14-Oct-2019 22:27:32.444 信息 [localhost-startStop-1] org.apache.jasper.servlet.TldScanner.scanJars At least one JAR was scanned for TLDs yet contained no TLDs. Enable debug logging for this logger for a complete list of JARs that were scanned but no TLDs were found in them. Skipping unneeded JARs during scanning can improve startup time and JSP compilation time.
14-Oct-2019 22:27:32.452 信息 [localhost-startStop-1] org.apache.catalina.startup.HostConfig.deployDirectory Deployment of web application directory [D:\apache-tomcat-8.5.37\webapps\manager] has finished in [324] ms
14-Oct-2019 22:27:32.453 信息 [localhost-startStop-1] org.apache.catalina.startup.HostConfig.deployDirectory Deploying web application directory [D:\apache-tomcat-8.5.37\webapps\ROOT]
14-Oct-2019 22:27:32.760 信息 [localhost-startStop-1] org.apache.jasper.servlet.TldScanner.scanJars At least one JAR was scanned for TLDs yet contained no TLDs. Enable debug logging for this logger for a complete list of JARs that were scanned but no TLDs were found in them. Skipping unneeded JARs during scanning can improve startup time and JSP compilation time.
14-Oct-2019 22:27:32.766 信息 [localhost-startStop-1] org.apache.catalina.startup.HostConfig.deployDirectory Deployment of web application directory [D:\apache-tomcat-8.5.37\webapps\ROOT] has finished in [313] ms
14-Oct-2019 22:27:32.772 信息 [main] org.apache.coyote.AbstractProtocol.start Starting ProtocolHandler ["http-nio-8080"]
14-Oct-2019 22:27:32.797 信息 [main] org.apache.coyote.AbstractProtocol.start Starting ProtocolHandler ["ajp-nio-8009"]
14-Oct-2019 22:27:32.808 信息 [main] org.apache.catalina.startup.Catalina.start Server startup in 7543 ms
14-Oct-2019 22:30:22.854 信息 [localhost-startStop-2] org.apache.catalina.startup.HostConfig.deployDirectory Deploying web application directory [D:\apache-tomcat-8.5.37\webapps\新建文件夹]
14-Oct-2019 22:30:23.085 信息 [localhost-startStop-2] org.apache.jasper.servlet.TldScanner.scanJars At least one JAR was scanned for TLDs yet contained no TLDs. Enable debug logging for this logger for a complete list of JARs that were scanned but no TLDs were found in them. Skipping unneeded JARs during scanning can improve startup time and JSP compilation time.
14-Oct-2019 22:30:23.090 信息 [localhost-startStop-2] org.apache.catalina.startup.HostConfig.deployDirectory Deployment of web application directory [D:\apache-tomcat-8.5.37\webapps\新建文件夹] has finished in [236] ms
14-Oct-2019 22:30:33.622 信息 [ContainerBackgroundProcessor[StandardEngine[Catalina]]] org.apache.catalina.startup.HostConfig.undeploy Undeploying context [/新建文件夹]
14-Oct-2019 22:30:33.641 信息 [localhost-startStop-3] org.apache.catalina.startup.HostConfig.deployDirectory Deploying web application directory [D:\apache-tomcat-8.5.37\webapps\jpetstore]
14-Oct-2019 22:30:33.859 信息 [localhost-startStop-3] org.apache.jasper.servlet.TldScanner.scanJars At least one JAR was scanned for TLDs yet contained no TLDs. Enable debug logging for this logger for a complete list of JARs that were scanned but no TLDs were found in them. Skipping unneeded JARs during scanning can improve startup time and JSP compilation time.
14-Oct-2019 22:30:33.863 信息 [localhost-startStop-3] org.apache.catalina.startup.HostConfig.deployDirectory Deployment of web application directory [D:\apache-tomcat-8.5.37\webapps\jpetstore] has finished in [222] ms
14-Oct-2019 22:33:44.444 信息 [ContainerBackgroundProcessor[StandardEngine[Catalina]]] org.apache.catalina.startup.HostConfig.undeploy Undeploying context [/mybatis-jpetstore-6.0.0]
14-Oct-2019 22:33:44.465 警告 [ContainerBackgroundProcessor[StandardEngine[Catalina]]] org.apache.catalina.loader.WebappClassLoaderBase.clearReferencesJdbc The web application [mybatis-jpetstore-6.0.0] registered the JDBC driver [org.hsqldb.jdbcDriver] but failed to unregister it when the web application was stopped. To prevent a memory leak, the JDBC Driver has been forcibly unregistered.
14-Oct-2019 22:33:44.531 信息 [ContainerBackgroundProcessor[StandardEngine[Catalina]]] org.apache.catalina.startup.HostConfig.undeploy Undeploying context [/jpetstore]
14-Oct-2019 22:33:44.540 信息 [localhost-startStop-4] org.apache.catalina.startup.HostConfig.deployWAR Deploying web application archive [D:\apache-tomcat-8.5.37\webapps\jpetstore.war]
14-Oct-2019 22:33:45.589 信息 [localhost-startStop-4] org.apache.jasper.servlet.TldScanner.scanJars At least one JAR was scanned for TLDs yet contained no TLDs. Enable debug logging for this logger for a complete list of JARs that were scanned but no TLDs were found in them. Skipping unneeded JARs during scanning can improve startup time and JSP compilation time.
14-Oct-2019 22:33:46.982 信息 [localhost-startStop-4] org.apache.catalina.startup.HostConfig.deployWAR Deployment of web application archive [D:\apache-tomcat-8.5.37\webapps\jpetstore.war] has finished in [2,441] ms
14-Oct-2019 22:34:17.491 信息 [ContainerBackgroundProcessor[StandardEngine[Catalina]]] org.apache.catalina.startup.HostConfig.undeploy Undeploying context [/jpetstore]
14-Oct-2019 22:34:17.510 警告 [ContainerBackgroundProcessor[StandardEngine[Catalina]]] org.apache.catalina.loader.WebappClassLoaderBase.clearReferencesJdbc The web application [jpetstore] registered the JDBC driver [org.hsqldb.jdbcDriver] but failed to unregister it when the web application was stopped. To prevent a memory leak, the JDBC Driver has been forcibly unregistered.
14-Oct-2019 22:34:17.573 信息 [localhost-startStop-5] org.apache.catalina.startup.HostConfig.deployWAR Deploying web application archive [D:\apache-tomcat-8.5.37\webapps\mybatis-jpetstore-6.0.0.war]
14-Oct-2019 22:34:18.707 信息 [localhost-startStop-5] org.apache.jasper.servlet.TldScanner.scanJars At least one JAR was scanned for TLDs yet contained no TLDs. Enable debug logging for this logger for a complete list of JARs that were scanned but no TLDs were found in them. Skipping unneeded JARs during scanning can improve startup time and JSP compilation time.
14-Oct-2019 22:34:20.063 信息 [localhost-startStop-5] org.apache.catalina.startup.HostConfig.deployWAR Deployment of web application archive [D:\apache-tomcat-8.5.37\webapps\mybatis-jpetstore-6.0.0.war] has finished in [2,490] ms
14-Oct-2019 22:35:00.089 信息 [localhost-startStop-6] org.apache.catalina.startup.HostConfig.deployDirectory Deploying web application directory [D:\apache-tomcat-8.5.37\webapps\jpetstore]
14-Oct-2019 22:35:00.302 信息 [localhost-startStop-6] org.apache.jasper.servlet.TldScanner.scanJars At least one JAR was scanned for TLDs yet contained no TLDs. Enable debug logging for this logger for a complete list of JARs that were scanned but no TLDs were found in them. Skipping unneeded JARs during scanning can improve startup time and JSP compilation time.
14-Oct-2019 22:35:00.306 信息 [localhost-startStop-6] org.apache.catalina.startup.HostConfig.deployDirectory Deployment of web application directory [D:\apache-tomcat-8.5.37\webapps\jpetstore] has finished in [217] ms
14-Oct-2019 22:35:10.313 信息 [localhost-startStop-7] org.apache.catalina.startup.HostConfig.deployWAR Deploying web application archive [D:\apache-tomcat-8.5.37\webapps\mybatis-jpetstore-6.0.0 - 副本.war]
14-Oct-2019 22:35:11.326 信息 [localhost-startStop-7] org.apache.jasper.servlet.TldScanner.scanJars At least one JAR was scanned for TLDs yet contained no TLDs. Enable debug logging for this logger for a complete list of JARs that were scanned but no TLDs were found in them. Skipping unneeded JARs during scanning can improve startup time and JSP compilation time.
14-Oct-2019 22:35:12.750 信息 [localhost-startStop-7] org.apache.catalina.startup.HostConfig.deployWAR Deployment of web application archive [D:\apache-tomcat-8.5.37\webapps\mybatis-jpetstore-6.0.0 - 副本.war] has finished in [2,437] ms
14-Oct-2019 22:35:23.254 信息 [ContainerBackgroundProcessor[StandardEngine[Catalina]]] org.apache.catalina.startup.HostConfig.undeploy Undeploying context [/mybatis-jpetstore-6.0.0 - 副本]
14-Oct-2019 22:35:23.271 警告 [ContainerBackgroundProcessor[StandardEngine[Catalina]]] org.apache.catalina.loader.WebappClassLoaderBase.clearReferencesJdbc The web application [mybatis-jpetstore-6.0.0 - 副本] registered the JDBC driver [org.hsqldb.jdbcDriver] but failed to unregister it when the web application was stopped. To prevent a memory leak, the JDBC Driver has been forcibly unregistered.
14-Oct-2019 22:35:43.839 信息 [ContainerBackgroundProcessor[StandardEngine[Catalina]]] org.apache.catalina.startup.HostConfig.undeploy Undeploying context [/mybatis-jpetstore-6.0.0]
14-Oct-2019 22:35:43.857 警告 [ContainerBackgroundProcessor[StandardEngine[Catalina]]] org.apache.catalina.loader.WebappClassLoaderBase.clearReferencesJdbc The web application [mybatis-jpetstore-6.0.0] registered the JDBC driver [org.hsqldb.jdbcDriver] but failed to unregister it when the web application was stopped. To prevent a memory leak, the JDBC Driver has been forcibly unregistered.
